<?xml version="1.0" encoding="UTF-8"?>
<!-- Generated by org.testng.reporters.JUnitReportReporter -->
<testsuite hostname="HCMLT606" failures="0" tests="1" name="demo.APITests" time="2.042" errors="0" timestamp="2023-05-26T11:14:15 ICT" skipped="0">
  <testcase classname="demo.APITests" name="test1" time="2.042"/>
  <system-out/>
</testsuite> <!-- demo.APITests -->
