<?xml version="1.0" encoding="UTF-8"?>
<!-- Generated by org.testng.reporters.JUnitReportReporter -->
<testsuite hostname="HCMLT606" failures="0" tests="2" name="demo.APITests" time="1.933" errors="0" timestamp="2023-05-30T10:35:12 ICT" skipped="0">
  <testcase classname="demo.APITests" name="test1" time="1.249"/>
  <system-out/>
  <testcase classname="demo.APITests" name="test2" time="0.684"/>
  <system-out/>
</testsuite> <!-- demo.APITests -->
