<?xml version="1.0" encoding="UTF-8"?>
<!-- Generated by org.testng.reporters.JUnitReportReporter -->
<testsuite hostname="HCMLT606" failures="0" tests="2" name="demo.MockAPI" time="0.143" errors="0" timestamp="2023-05-30T10:35:12 ICT" skipped="0">
  <testcase classname="demo.MockAPI" name="Test_2_POST" time="0.071"/>
  <system-out/>
  <testcase classname="demo.MockAPI" name="Test_1" time="0.072"/>
  <system-out/>
</testsuite> <!-- demo.MockAPI -->
